nohup: ignoring input
Using config file: /home/dd/docker-lab1/theta/allsubchains/DSN_360011/node2/config.yaml
[2022-11-20 20:10:19]  INFO Log settings: map[*:info], *:info


 ######################################################### 
#                                                         #
#  _    _      _ _         _______ _          _           #
#  | |  | |    | | |       |__   __| |        | |         #
#  | |__| | ___| | | ___      | |  | |__   ___| |_ __ _   #
#  |  __  |/ _ \ | |/ _ \     | |  | '_ \ / _ \ __/ _` |  #
#  | |  | |  __/ | | (_) |    | |  | | | |  __/ || (_| |  #
#  |_|  |_|\___|_|_|\___/     |_|  |_| |_|\___|\__\__,_|  #
#                                                         #
#                                                         #
 ######################################################### 


Version 0.0.1, GitHash 40b536374ebbcdda8f6af69e79fff07be3656693
Built at Sun Nov 20 02:07:44 UTC 2022

[2022-11-20 20:10:20]  INFO [store] Allocated cache and file handles, cache: 256, handles: 16
[2022-11-20 20:10:20]  INFO [rollingdb] Allocated cache and file handles, cache: 256, handles: 16
[2022-11-20 20:10:20]  INFO [snapshot] Verifying snapshot: allsubchains/DSN_360011/node2/snapshot
[2022-11-20 20:10:20]  INFO [store] Allocated cache and file handles, cache: 256, handles: 16
[2022-11-20 20:10:20]  INFO [snapshot] Reading snapshot header, version: 1, magic: 
[2022-11-20 20:10:20]  INFO [snapshot] Validating Snapshot, 5% done.
[2022-11-20 20:10:20]  INFO [snapshot] Validating Snapshot, 100% done.
[2022-11-20 20:10:20]  INFO [snapshot] Saving the the second snapshot tail block: 0x3a5a785a7aba4eedd27d6ac38c50358f7b8ed4fdfa72ee050129b4f861fcf52b
[2022-11-20 20:10:20]  INFO [snapshot] Number of validators loaded: 4
[2022-11-20 20:10:20]  INFO [snapshot] Validator: 0x67081eD50352eC3524E7e3acd6791511dad5393e, stake: 100000000
[2022-11-20 20:10:20]  INFO [snapshot] Validator: 0x961bBC5806e034D4853a932EF8eaAfFeC530b2A4, stake: 100000000
[2022-11-20 20:10:20]  INFO [snapshot] Validator: 0xBeF9B766a89321D6806AA4D599CE629a6fbBab0C, stake: 100000000
[2022-11-20 20:10:20]  INFO [snapshot] Validator: 0xCB10b02f80a4B7Cf4ff919Ad2494b8190547DAA3, stake: 100000000
[2022-11-20 20:10:20]  INFO [snapshot] Snapshot verified.
[2022-11-20 20:10:20]  INFO Using key address=0x961bBC5806e034D4853a932EF8eaAfFeC530b2A4 pubKey=04BC37CB89AC99E21935A3135EF9756987269DD42E738A0A432E9582A0A9CBFBF1ED53C348A861101CDC77101982DBF8A53CC8E8E2E7151407B0F85B7F86B16D13
[2022-11-20 20:10:20]  INFO [p2p] Local network listener, ip: ::, port: 12100
[2022-11-20 20:10:20]  INFO [p2p] Getting UPNP external address
[2022-11-20 20:10:23]  INFO [p2p] Could not perform UPNP discover: write udp4 0.0.0.0:54904->239.255.255.250:1900: i/o timeout
[2022-11-20 20:10:23]  INFO [blockchain] Root block is not found in chain. Adding block. Hash=0x3a5a785a7aba4eedd27d6ac38c50358f7b8ed4fdfa72ee050129b4f861fcf52b
[2022-11-20 20:10:28] FATAL [witness] failed to get the chainID of the mainchain, is the mainchain RPC API service running? error: 502 Bad Gateway

